<?xml version="1.0" encoding="UTF-8"?>
<testsuite xmlns:xsi="http://www.w3.org/2001/XMLSchema-instance" xsi:noNamespaceSchemaLocation="https://maven.apache.org/surefire/maven-surefire-plugin/xsd/surefire-test-report.xsd" name="Search_Functionality" time="1.136" tests="4" errors="4" skipped="0" failures="0">
  <properties>
    <property name="java.specification.version" value="17"/>
    <property name="sun.jnu.encoding" value="UTF-8"/>
    <property name="java.class.path" value="/Users/macpro/MyCucumberProject/target/test-classes:/Users/macpro/MyCucumberProject/target/classes:/Users/macpro/.m2/repository/org/seleniumhq/selenium/selenium-java/4.1.1/selenium-java-4.1.1.jar:/Users/macpro/.m2/repository/org/seleniumhq/selenium/selenium-api/4.1.1/selenium-api-4.1.1.jar:/Users/macpro/.m2/repository/org/seleniumhq/selenium/selenium-chrome-driver/4.1.1/selenium-chrome-driver-4.1.1.jar:/Users/macpro/.m2/repository/com/google/auto/service/auto-service-annotations/1.0.1/auto-service-annotations-1.0.1.jar:/Users/macpro/.m2/repository/com/google/auto/service/auto-service/1.0.1/auto-service-1.0.1.jar:/Users/macpro/.m2/repository/com/google/auto/auto-common/1.2/auto-common-1.2.jar:/Users/macpro/.m2/repository/org/seleniumhq/selenium/selenium-chromium-driver/4.1.1/selenium-chromium-driver-4.1.1.jar:/Users/macpro/.m2/repository/org/seleniumhq/selenium/selenium-json/4.1.1/selenium-json-4.1.1.jar:/Users/macpro/.m2/repository/org/seleniumhq/selenium/selenium-devtools-v85/4.1.1/selenium-devtools-v85-4.1.1.jar:/Users/macpro/.m2/repository/org/seleniumhq/selenium/selenium-devtools-v94/4.1.1/selenium-devtools-v94-4.1.1.jar:/Users/macpro/.m2/repository/org/seleniumhq/selenium/selenium-devtools-v95/4.1.1/selenium-devtools-v95-4.1.1.jar:/Users/macpro/.m2/repository/org/seleniumhq/selenium/selenium-devtools-v96/4.1.1/selenium-devtools-v96-4.1.1.jar:/Users/macpro/.m2/repository/org/seleniumhq/selenium/selenium-edge-driver/4.1.1/selenium-edge-driver-4.1.1.jar:/Users/macpro/.m2/repository/org/seleniumhq/selenium/selenium-firefox-driver/4.1.1/selenium-firefox-driver-4.1.1.jar:/Users/macpro/.m2/repository/org/seleniumhq/selenium/selenium-firefox-xpi-driver/4.1.1/selenium-firefox-xpi-driver-4.1.1.jar:/Users/macpro/.m2/repository/org/seleniumhq/selenium/selenium-ie-driver/4.1.1/selenium-ie-driver-4.1.1.jar:/Users/macpro/.m2/repository/org/seleniumhq/selenium/selenium-opera-driver/4.1.1/selenium-opera-driver-4.1.1.jar:/Users/macpro/.m2/repository/org/seleniumhq/selenium/selenium-remote-driver/4.1.1/selenium-remote-driver-4.1.1.jar:/Users/macpro/.m2/repository/com/beust/jcommander/1.81/jcommander-1.81.jar:/Users/macpro/.m2/repository/io/netty/netty-buffer/4.1.70.Final/netty-buffer-4.1.70.Final.jar:/Users/macpro/.m2/repository/io/netty/netty-codec-http/4.1.70.Final/netty-codec-http-4.1.70.Final.jar:/Users/macpro/.m2/repository/io/netty/netty-codec/4.1.70.Final/netty-codec-4.1.70.Final.jar:/Users/macpro/.m2/repository/io/netty/netty-handler/4.1.70.Final/netty-handler-4.1.70.Final.jar:/Users/macpro/.m2/repository/io/netty/netty-common/4.1.70.Final/netty-common-4.1.70.Final.jar:/Users/macpro/.m2/repository/io/netty/netty-transport-classes-epoll/4.1.70.Final/netty-transport-classes-epoll-4.1.70.Final.jar:/Users/macpro/.m2/repository/io/netty/netty-transport-classes-kqueue/4.1.70.Final/netty-transport-classes-kqueue-4.1.70.Final.jar:/Users/macpro/.m2/repository/io/netty/netty-transport-native-unix-common/4.1.70.Final/netty-transport-native-unix-common-4.1.70.Final.jar:/Users/macpro/.m2/repository/io/netty/netty-transport/4.1.70.Final/netty-transport-4.1.70.Final.jar:/Users/macpro/.m2/repository/io/netty/netty-resolver/4.1.70.Final/netty-resolver-4.1.70.Final.jar:/Users/macpro/.m2/repository/io/opentelemetry/opentelemetry-api/1.9.1/opentelemetry-api-1.9.1.jar:/Users/macpro/.m2/repository/io/opentelemetry/opentelemetry-context/1.9.1/opentelemetry-context-1.9.1.jar:/Users/macpro/.m2/repository/io/opentelemetry/opentelemetry-exporter-logging/1.9.1/opentelemetry-exporter-logging-1.9.1.jar:/Users/macpro/.m2/repository/io/opentelemetry/opentelemetry-sdk-metrics/1.9.1-alpha/opentelemetry-sdk-metrics-1.9.1-alpha.jar:/Users/macpro/.m2/repository/io/opentelemetry/opentelemetry-sdk-logs/1.9.1-alpha/opentelemetry-sdk-logs-1.9.1-alpha.jar:/Users/macpro/.m2/repository/io/opentelemetry/opentelemetry-sdk-common/1.9.1/opentelemetry-sdk-common-1.9.1.jar:/Users/macpro/.m2/repository/io/opentelemetry/opentelemetry-sdk-extension-autoconfigure-spi/1.9.1/opentelemetry-sdk-extension-autoconfigure-spi-1.9.1.jar:/Users/macpro/.m2/repository/io/opentelemetry/opentelemetry-sdk-extension-autoconfigure/1.9.1-alpha/opentelemetry-sdk-extension-autoconfigure-1.9.1-alpha.jar:/Users/macpro/.m2/repository/io/opentelemetry/opentelemetry-sdk-trace/1.9.1/opentelemetry-sdk-trace-1.9.1.jar:/Users/macpro/.m2/repository/io/opentelemetry/opentelemetry-api-metrics/1.9.1-alpha/opentelemetry-api-metrics-1.9.1-alpha.jar:/Users/macpro/.m2/repository/io/opentelemetry/opentelemetry-sdk/1.9.1/opentelemetry-sdk-1.9.1.jar:/Users/macpro/.m2/repository/io/opentelemetry/opentelemetry-semconv/1.9.1-alpha/opentelemetry-semconv-1.9.1-alpha.jar:/Users/macpro/.m2/repository/io/ous/jtoml/2.0.0/jtoml-2.0.0.jar:/Users/macpro/.m2/repository/net/bytebuddy/byte-buddy/1.12.2/byte-buddy-1.12.2.jar:/Users/macpro/.m2/repository/org/apache/commons/commons-exec/1.3/commons-exec-1.3.jar:/Users/macpro/.m2/repository/org/asynchttpclient/async-http-client/2.12.3/async-http-client-2.12.3.jar:/Users/macpro/.m2/repository/org/asynchttpclient/async-http-client-netty-utils/2.12.3/async-http-client-netty-utils-2.12.3.jar:/Users/macpro/.m2/repository/io/netty/netty-codec-socks/4.1.60.Final/netty-codec-socks-4.1.60.Final.jar:/Users/macpro/.m2/repository/io/netty/netty-handler-proxy/4.1.60.Final/netty-handler-proxy-4.1.60.Final.jar:/Users/macpro/.m2/repository/io/netty/netty-transport-native-epoll/4.1.60.Final/netty-transport-native-epoll-4.1.60.Final-linux-x86_64.jar:/Users/macpro/.m2/repository/io/netty/netty-transport-native-kqueue/4.1.60.Final/netty-transport-native-kqueue-4.1.60.Final-osx-x86_64.jar:/Users/macpro/.m2/repository/org/reactivestreams/reactive-streams/1.0.3/reactive-streams-1.0.3.jar:/Users/macpro/.m2/repository/com/typesafe/netty/netty-reactive-streams/2.0.4/netty-reactive-streams-2.0.4.jar:/Users/macpro/.m2/repository/com/sun/activation/jakarta.activation/1.2.2/jakarta.activation-1.2.2.jar:/Users/macpro/.m2/repository/org/seleniumhq/selenium/selenium-http/4.1.1/selenium-http-4.1.1.jar:/Users/macpro/.m2/repository/net/jodah/failsafe/2.4.4/failsafe-2.4.4.jar:/Users/macpro/.m2/repository/org/seleniumhq/selenium/selenium-safari-driver/4.1.1/selenium-safari-driver-4.1.1.jar:/Users/macpro/.m2/repository/org/seleniumhq/selenium/selenium-support/4.1.1/selenium-support-4.1.1.jar:/Users/macpro/.m2/repository/io/github/bonigarcia/webdrivermanager/5.0.3/webdrivermanager-5.0.3.jar:/Users/macpro/.m2/repository/org/slf4j/slf4j-api/1.7.32/slf4j-api-1.7.32.jar:/Users/macpro/.m2/repository/com/google/code/gson/gson/2.8.8/gson-2.8.8.jar:/Users/macpro/.m2/repository/org/jsoup/jsoup/1.14.2/jsoup-1.14.2.jar:/Users/macpro/.m2/repository/com/github/docker-java/docker-java/3.2.12/docker-java-3.2.12.jar:/Users/macpro/.m2/repository/com/github/docker-java/docker-java-core/3.2.12/docker-java-core-3.2.12.jar:/Users/macpro/.m2/repository/com/github/docker-java/docker-java-api/3.2.12/docker-java-api-3.2.12.jar:/Users/macpro/.m2/repository/com/fasterxml/jackson/core/jackson-annotations/2.10.3/jackson-annotations-2.10.3.jar:/Users/macpro/.m2/repository/commons-io/commons-io/2.6/commons-io-2.6.jar:/Users/macpro/.m2/repository/commons-lang/commons-lang/2.6/commons-lang-2.6.jar:/Users/macpro/.m2/repository/com/fasterxml/jackson/core/jackson-databind/2.10.3/jackson-databind-2.10.3.jar:/Users/macpro/.m2/repository/com/fasterxml/jackson/core/jackson-core/2.10.3/jackson-core-2.10.3.jar:/Users/macpro/.m2/repository/org/bouncycastle/bcpkix-jdk15on/1.64/bcpkix-jdk15on-1.64.jar:/Users/macpro/.m2/repository/org/bouncycastle/bcprov-jdk15on/1.64/bcprov-jdk15on-1.64.jar:/Users/macpro/.m2/repository/org/slf4j/jcl-over-slf4j/1.7.30/jcl-over-slf4j-1.7.30.jar:/Users/macpro/.m2/repository/com/github/docker-java/docker-java-transport-httpclient5/3.2.12/docker-java-transport-httpclient5-3.2.12.jar:/Users/macpro/.m2/repository/com/github/docker-java/docker-java-transport/3.2.12/docker-java-transport-3.2.12.jar:/Users/macpro/.m2/repository/org/apache/httpcomponents/client5/httpclient5/5.0.3/httpclient5-5.0.3.jar:/Users/macpro/.m2/repository/org/apache/httpcomponents/core5/httpcore5/5.0.2/httpcore5-5.0.2.jar:/Users/macpro/.m2/repository/net/java/dev/jna/jna/5.8.0/jna-5.8.0.jar:/Users/macpro/.m2/repository/com/google/guava/guava/30.1.1-jre/guava-30.1.1-jre.jar:/Users/macpro/.m2/repository/com/google/guava/failureaccess/1.0.1/failureaccess-1.0.1.jar:/Users/macpro/.m2/repository/com/google/guava/listenablefuture/9999.0-empty-to-avoid-conflict-with-guava/listenablefuture-9999.0-empty-to-avoid-conflict-with-guava.jar:/Users/macpro/.m2/repository/com/google/code/findbugs/jsr305/3.0.2/jsr305-3.0.2.jar:/Users/macpro/.m2/repository/org/checkerframework/checker-qual/3.8.0/checker-qual-3.8.0.jar:/Users/macpro/.m2/repository/com/google/errorprone/error_prone_annotations/2.5.1/error_prone_annotations-2.5.1.jar:/Users/macpro/.m2/repository/com/google/j2objc/j2objc-annotations/1.3/j2objc-annotations-1.3.jar:/Users/macpro/.m2/repository/org/brotli/dec/0.1.2/dec-0.1.2.jar:/Users/macpro/.m2/repository/org/apache/poi/poi/4.1.2/poi-4.1.2.jar:/Users/macpro/.m2/repository/commons-codec/commons-codec/1.13/commons-codec-1.13.jar:/Users/macpro/.m2/repository/org/apache/commons/commons-collections4/4.4/commons-collections4-4.4.jar:/Users/macpro/.m2/repository/org/apache/commons/commons-math3/3.6.1/commons-math3-3.6.1.jar:/Users/macpro/.m2/repository/com/zaxxer/SparseBitSet/1.2/SparseBitSet-1.2.jar:/Users/macpro/.m2/repository/org/apache/poi/poi-ooxml/4.1.2/poi-ooxml-4.1.2.jar:/Users/macpro/.m2/repository/org/apache/poi/poi-ooxml-schemas/4.1.2/poi-ooxml-schemas-4.1.2.jar:/Users/macpro/.m2/repository/org/apache/xmlbeans/xmlbeans/3.1.0/xmlbeans-3.1.0.jar:/Users/macpro/.m2/repository/org/apache/commons/commons-compress/1.19/commons-compress-1.19.jar:/Users/macpro/.m2/repository/com/github/virtuald/curvesapi/1.06/curvesapi-1.06.jar:/Users/macpro/.m2/repository/com/github/javafaker/javafaker/1.0.2/javafaker-1.0.2.jar:/Users/macpro/.m2/repository/org/apache/commons/commons-lang3/3.5/commons-lang3-3.5.jar:/Users/macpro/.m2/repository/org/yaml/snakeyaml/1.23/snakeyaml-1.23-android.jar:/Users/macpro/.m2/repository/com/github/mifmif/generex/1.0.2/generex-1.0.2.jar:/Users/macpro/.m2/repository/dk/brics/automaton/automaton/1.11-8/automaton-1.11-8.jar:/Users/macpro/.m2/repository/io/cucumber/cucumber-java/7.2.3/cucumber-java-7.2.3.jar:/Users/macpro/.m2/repository/io/cucumber/cucumber-core/7.2.3/cucumber-core-7.2.3.jar:/Users/macpro/.m2/repository/io/cucumber/cucumber-gherkin/7.2.3/cucumber-gherkin-7.2.3.jar:/Users/macpro/.m2/repository/io/cucumber/cucumber-gherkin-messages/7.2.3/cucumber-gherkin-messages-7.2.3.jar:/Users/macpro/.m2/repository/io/cucumber/messages/17.1.1/messages-17.1.1.jar:/Users/macpro/.m2/repository/io/cucumber/tag-expressions/4.1.0/tag-expressions-4.1.0.jar:/Users/macpro/.m2/repository/io/cucumber/cucumber-expressions/15.0.1/cucumber-expressions-15.0.1.jar:/Users/macpro/.m2/repository/io/cucumber/datatable/7.2.3/datatable-7.2.3.jar:/Users/macpro/.m2/repository/io/cucumber/cucumber-plugin/7.2.3/cucumber-plugin-7.2.3.jar:/Users/macpro/.m2/repository/io/cucumber/docstring/7.2.3/docstring-7.2.3.jar:/Users/macpro/.m2/repository/io/cucumber/html-formatter/17.0.0/html-formatter-17.0.0.jar:/Users/macpro/.m2/repository/io/cucumber/ci-environment/8.1.0/ci-environment-8.1.0.jar:/Users/macpro/.m2/repository/org/apiguardian/apiguardian-api/1.1.2/apiguardian-api-1.1.2.jar:/Users/macpro/.m2/repository/io/cucumber/cucumber-junit/7.2.3/cucumber-junit-7.2.3.jar:/Users/macpro/.m2/repository/junit/junit/4.13.2/junit-4.13.2.jar:/Users/macpro/.m2/repository/org/hamcrest/hamcrest-core/1.3/hamcrest-core-1.3.jar:"/>
    <property name="java.vm.vendor" value="Oracle Corporation"/>
    <property name="sun.arch.data.model" value="64"/>
    <property name="java.vendor.url" value="https://java.oracle.com/"/>
    <property name="user.timezone" value="Europe/Berlin"/>
    <property name="os.name" value="Mac OS X"/>
    <property name="java.vm.specification.version" value="17"/>
    <property name="sun.java.launcher" value="SUN_STANDARD"/>
    <property name="user.country" value="US"/>
    <property name="sun.boot.library.path" value="/Users/macpro/Library/Java/JavaVirtualMachines/openjdk-17.0.1/Contents/Home/lib"/>
    <property name="sun.java.command" value="/Users/macpro/MyCucumberProject/target/surefire/surefirebooter1821716004507979563.jar /Users/macpro/MyCucumberProject/target/surefire 2022-02-06T19-13-37_453-jvmRun1 surefire6599573837083929338tmp surefire_06816026775898537916tmp"/>
    <property name="http.nonProxyHosts" value="local|*.local|169.254/16|*.169.254/16"/>
    <property name="jdk.debug" value="release"/>
    <property name="surefire.test.class.path" value="/Users/macpro/MyCucumberProject/target/test-classes:/Users/macpro/MyCucumberProject/target/classes:/Users/macpro/.m2/repository/org/seleniumhq/selenium/selenium-java/4.1.1/selenium-java-4.1.1.jar:/Users/macpro/.m2/repository/org/seleniumhq/selenium/selenium-api/4.1.1/selenium-api-4.1.1.jar:/Users/macpro/.m2/repository/org/seleniumhq/selenium/selenium-chrome-driver/4.1.1/selenium-chrome-driver-4.1.1.jar:/Users/macpro/.m2/repository/com/google/auto/service/auto-service-annotations/1.0.1/auto-service-annotations-1.0.1.jar:/Users/macpro/.m2/repository/com/google/auto/service/auto-service/1.0.1/auto-service-1.0.1.jar:/Users/macpro/.m2/repository/com/google/auto/auto-common/1.2/auto-common-1.2.jar:/Users/macpro/.m2/repository/org/seleniumhq/selenium/selenium-chromium-driver/4.1.1/selenium-chromium-driver-4.1.1.jar:/Users/macpro/.m2/repository/org/seleniumhq/selenium/selenium-json/4.1.1/selenium-json-4.1.1.jar:/Users/macpro/.m2/repository/org/seleniumhq/selenium/selenium-devtools-v85/4.1.1/selenium-devtools-v85-4.1.1.jar:/Users/macpro/.m2/repository/org/seleniumhq/selenium/selenium-devtools-v94/4.1.1/selenium-devtools-v94-4.1.1.jar:/Users/macpro/.m2/repository/org/seleniumhq/selenium/selenium-devtools-v95/4.1.1/selenium-devtools-v95-4.1.1.jar:/Users/macpro/.m2/repository/org/seleniumhq/selenium/selenium-devtools-v96/4.1.1/selenium-devtools-v96-4.1.1.jar:/Users/macpro/.m2/repository/org/seleniumhq/selenium/selenium-edge-driver/4.1.1/selenium-edge-driver-4.1.1.jar:/Users/macpro/.m2/repository/org/seleniumhq/selenium/selenium-firefox-driver/4.1.1/selenium-firefox-driver-4.1.1.jar:/Users/macpro/.m2/repository/org/seleniumhq/selenium/selenium-firefox-xpi-driver/4.1.1/selenium-firefox-xpi-driver-4.1.1.jar:/Users/macpro/.m2/repository/org/seleniumhq/selenium/selenium-ie-driver/4.1.1/selenium-ie-driver-4.1.1.jar:/Users/macpro/.m2/repository/org/seleniumhq/selenium/selenium-opera-driver/4.1.1/selenium-opera-driver-4.1.1.jar:/Users/macpro/.m2/repository/org/seleniumhq/selenium/selenium-remote-driver/4.1.1/selenium-remote-driver-4.1.1.jar:/Users/macpro/.m2/repository/com/beust/jcommander/1.81/jcommander-1.81.jar:/Users/macpro/.m2/repository/io/netty/netty-buffer/4.1.70.Final/netty-buffer-4.1.70.Final.jar:/Users/macpro/.m2/repository/io/netty/netty-codec-http/4.1.70.Final/netty-codec-http-4.1.70.Final.jar:/Users/macpro/.m2/repository/io/netty/netty-codec/4.1.70.Final/netty-codec-4.1.70.Final.jar:/Users/macpro/.m2/repository/io/netty/netty-handler/4.1.70.Final/netty-handler-4.1.70.Final.jar:/Users/macpro/.m2/repository/io/netty/netty-common/4.1.70.Final/netty-common-4.1.70.Final.jar:/Users/macpro/.m2/repository/io/netty/netty-transport-classes-epoll/4.1.70.Final/netty-transport-classes-epoll-4.1.70.Final.jar:/Users/macpro/.m2/repository/io/netty/netty-transport-classes-kqueue/4.1.70.Final/netty-transport-classes-kqueue-4.1.70.Final.jar:/Users/macpro/.m2/repository/io/netty/netty-transport-native-unix-common/4.1.70.Final/netty-transport-native-unix-common-4.1.70.Final.jar:/Users/macpro/.m2/repository/io/netty/netty-transport/4.1.70.Final/netty-transport-4.1.70.Final.jar:/Users/macpro/.m2/repository/io/netty/netty-resolver/4.1.70.Final/netty-resolver-4.1.70.Final.jar:/Users/macpro/.m2/repository/io/opentelemetry/opentelemetry-api/1.9.1/opentelemetry-api-1.9.1.jar:/Users/macpro/.m2/repository/io/opentelemetry/opentelemetry-context/1.9.1/opentelemetry-context-1.9.1.jar:/Users/macpro/.m2/repository/io/opentelemetry/opentelemetry-exporter-logging/1.9.1/opentelemetry-exporter-logging-1.9.1.jar:/Users/macpro/.m2/repository/io/opentelemetry/opentelemetry-sdk-metrics/1.9.1-alpha/opentelemetry-sdk-metrics-1.9.1-alpha.jar:/Users/macpro/.m2/repository/io/opentelemetry/opentelemetry-sdk-logs/1.9.1-alpha/opentelemetry-sdk-logs-1.9.1-alpha.jar:/Users/macpro/.m2/repository/io/opentelemetry/opentelemetry-sdk-common/1.9.1/opentelemetry-sdk-common-1.9.1.jar:/Users/macpro/.m2/repository/io/opentelemetry/opentelemetry-sdk-extension-autoconfigure-spi/1.9.1/opentelemetry-sdk-extension-autoconfigure-spi-1.9.1.jar:/Users/macpro/.m2/repository/io/opentelemetry/opentelemetry-sdk-extension-autoconfigure/1.9.1-alpha/opentelemetry-sdk-extension-autoconfigure-1.9.1-alpha.jar:/Users/macpro/.m2/repository/io/opentelemetry/opentelemetry-sdk-trace/1.9.1/opentelemetry-sdk-trace-1.9.1.jar:/Users/macpro/.m2/repository/io/opentelemetry/opentelemetry-api-metrics/1.9.1-alpha/opentelemetry-api-metrics-1.9.1-alpha.jar:/Users/macpro/.m2/repository/io/opentelemetry/opentelemetry-sdk/1.9.1/opentelemetry-sdk-1.9.1.jar:/Users/macpro/.m2/repository/io/opentelemetry/opentelemetry-semconv/1.9.1-alpha/opentelemetry-semconv-1.9.1-alpha.jar:/Users/macpro/.m2/repository/io/ous/jtoml/2.0.0/jtoml-2.0.0.jar:/Users/macpro/.m2/repository/net/bytebuddy/byte-buddy/1.12.2/byte-buddy-1.12.2.jar:/Users/macpro/.m2/repository/org/apache/commons/commons-exec/1.3/commons-exec-1.3.jar:/Users/macpro/.m2/repository/org/asynchttpclient/async-http-client/2.12.3/async-http-client-2.12.3.jar:/Users/macpro/.m2/repository/org/asynchttpclient/async-http-client-netty-utils/2.12.3/async-http-client-netty-utils-2.12.3.jar:/Users/macpro/.m2/repository/io/netty/netty-codec-socks/4.1.60.Final/netty-codec-socks-4.1.60.Final.jar:/Users/macpro/.m2/repository/io/netty/netty-handler-proxy/4.1.60.Final/netty-handler-proxy-4.1.60.Final.jar:/Users/macpro/.m2/repository/io/netty/netty-transport-native-epoll/4.1.60.Final/netty-transport-native-epoll-4.1.60.Final-linux-x86_64.jar:/Users/macpro/.m2/repository/io/netty/netty-transport-native-kqueue/4.1.60.Final/netty-transport-native-kqueue-4.1.60.Final-osx-x86_64.jar:/Users/macpro/.m2/repository/org/reactivestreams/reactive-streams/1.0.3/reactive-streams-1.0.3.jar:/Users/macpro/.m2/repository/com/typesafe/netty/netty-reactive-streams/2.0.4/netty-reactive-streams-2.0.4.jar:/Users/macpro/.m2/repository/com/sun/activation/jakarta.activation/1.2.2/jakarta.activation-1.2.2.jar:/Users/macpro/.m2/repository/org/seleniumhq/selenium/selenium-http/4.1.1/selenium-http-4.1.1.jar:/Users/macpro/.m2/repository/net/jodah/failsafe/2.4.4/failsafe-2.4.4.jar:/Users/macpro/.m2/repository/org/seleniumhq/selenium/selenium-safari-driver/4.1.1/selenium-safari-driver-4.1.1.jar:/Users/macpro/.m2/repository/org/seleniumhq/selenium/selenium-support/4.1.1/selenium-support-4.1.1.jar:/Users/macpro/.m2/repository/io/github/bonigarcia/webdrivermanager/5.0.3/webdrivermanager-5.0.3.jar:/Users/macpro/.m2/repository/org/slf4j/slf4j-api/1.7.32/slf4j-api-1.7.32.jar:/Users/macpro/.m2/repository/com/google/code/gson/gson/2.8.8/gson-2.8.8.jar:/Users/macpro/.m2/repository/org/jsoup/jsoup/1.14.2/jsoup-1.14.2.jar:/Users/macpro/.m2/repository/com/github/docker-java/docker-java/3.2.12/docker-java-3.2.12.jar:/Users/macpro/.m2/repository/com/github/docker-java/docker-java-core/3.2.12/docker-java-core-3.2.12.jar:/Users/macpro/.m2/repository/com/github/docker-java/docker-java-api/3.2.12/docker-java-api-3.2.12.jar:/Users/macpro/.m2/repository/com/fasterxml/jackson/core/jackson-annotations/2.10.3/jackson-annotations-2.10.3.jar:/Users/macpro/.m2/repository/commons-io/commons-io/2.6/commons-io-2.6.jar:/Users/macpro/.m2/repository/commons-lang/commons-lang/2.6/commons-lang-2.6.jar:/Users/macpro/.m2/repository/com/fasterxml/jackson/core/jackson-databind/2.10.3/jackson-databind-2.10.3.jar:/Users/macpro/.m2/repository/com/fasterxml/jackson/core/jackson-core/2.10.3/jackson-core-2.10.3.jar:/Users/macpro/.m2/repository/org/bouncycastle/bcpkix-jdk15on/1.64/bcpkix-jdk15on-1.64.jar:/Users/macpro/.m2/repository/org/bouncycastle/bcprov-jdk15on/1.64/bcprov-jdk15on-1.64.jar:/Users/macpro/.m2/repository/org/slf4j/jcl-over-slf4j/1.7.30/jcl-over-slf4j-1.7.30.jar:/Users/macpro/.m2/repository/com/github/docker-java/docker-java-transport-httpclient5/3.2.12/docker-java-transport-httpclient5-3.2.12.jar:/Users/macpro/.m2/repository/com/github/docker-java/docker-java-transport/3.2.12/docker-java-transport-3.2.12.jar:/Users/macpro/.m2/repository/org/apache/httpcomponents/client5/httpclient5/5.0.3/httpclient5-5.0.3.jar:/Users/macpro/.m2/repository/org/apache/httpcomponents/core5/httpcore5/5.0.2/httpcore5-5.0.2.jar:/Users/macpro/.m2/repository/net/java/dev/jna/jna/5.8.0/jna-5.8.0.jar:/Users/macpro/.m2/repository/com/google/guava/guava/30.1.1-jre/guava-30.1.1-jre.jar:/Users/macpro/.m2/repository/com/google/guava/failureaccess/1.0.1/failureaccess-1.0.1.jar:/Users/macpro/.m2/repository/com/google/guava/listenablefuture/9999.0-empty-to-avoid-conflict-with-guava/listenablefuture-9999.0-empty-to-avoid-conflict-with-guava.jar:/Users/macpro/.m2/repository/com/google/code/findbugs/jsr305/3.0.2/jsr305-3.0.2.jar:/Users/macpro/.m2/repository/org/checkerframework/checker-qual/3.8.0/checker-qual-3.8.0.jar:/Users/macpro/.m2/repository/com/google/errorprone/error_prone_annotations/2.5.1/error_prone_annotations-2.5.1.jar:/Users/macpro/.m2/repository/com/google/j2objc/j2objc-annotations/1.3/j2objc-annotations-1.3.jar:/Users/macpro/.m2/repository/org/brotli/dec/0.1.2/dec-0.1.2.jar:/Users/macpro/.m2/repository/org/apache/poi/poi/4.1.2/poi-4.1.2.jar:/Users/macpro/.m2/repository/commons-codec/commons-codec/1.13/commons-codec-1.13.jar:/Users/macpro/.m2/repository/org/apache/commons/commons-collections4/4.4/commons-collections4-4.4.jar:/Users/macpro/.m2/repository/org/apache/commons/commons-math3/3.6.1/commons-math3-3.6.1.jar:/Users/macpro/.m2/repository/com/zaxxer/SparseBitSet/1.2/SparseBitSet-1.2.jar:/Users/macpro/.m2/repository/org/apache/poi/poi-ooxml/4.1.2/poi-ooxml-4.1.2.jar:/Users/macpro/.m2/repository/org/apache/poi/poi-ooxml-schemas/4.1.2/poi-ooxml-schemas-4.1.2.jar:/Users/macpro/.m2/repository/org/apache/xmlbeans/xmlbeans/3.1.0/xmlbeans-3.1.0.jar:/Users/macpro/.m2/repository/org/apache/commons/commons-compress/1.19/commons-compress-1.19.jar:/Users/macpro/.m2/repository/com/github/virtuald/curvesapi/1.06/curvesapi-1.06.jar:/Users/macpro/.m2/repository/com/github/javafaker/javafaker/1.0.2/javafaker-1.0.2.jar:/Users/macpro/.m2/repository/org/apache/commons/commons-lang3/3.5/commons-lang3-3.5.jar:/Users/macpro/.m2/repository/org/yaml/snakeyaml/1.23/snakeyaml-1.23-android.jar:/Users/macpro/.m2/repository/com/github/mifmif/generex/1.0.2/generex-1.0.2.jar:/Users/macpro/.m2/repository/dk/brics/automaton/automaton/1.11-8/automaton-1.11-8.jar:/Users/macpro/.m2/repository/io/cucumber/cucumber-java/7.2.3/cucumber-java-7.2.3.jar:/Users/macpro/.m2/repository/io/cucumber/cucumber-core/7.2.3/cucumber-core-7.2.3.jar:/Users/macpro/.m2/repository/io/cucumber/cucumber-gherkin/7.2.3/cucumber-gherkin-7.2.3.jar:/Users/macpro/.m2/repository/io/cucumber/cucumber-gherkin-messages/7.2.3/cucumber-gherkin-messages-7.2.3.jar:/Users/macpro/.m2/repository/io/cucumber/messages/17.1.1/messages-17.1.1.jar:/Users/macpro/.m2/repository/io/cucumber/tag-expressions/4.1.0/tag-expressions-4.1.0.jar:/Users/macpro/.m2/repository/io/cucumber/cucumber-expressions/15.0.1/cucumber-expressions-15.0.1.jar:/Users/macpro/.m2/repository/io/cucumber/datatable/7.2.3/datatable-7.2.3.jar:/Users/macpro/.m2/repository/io/cucumber/cucumber-plugin/7.2.3/cucumber-plugin-7.2.3.jar:/Users/macpro/.m2/repository/io/cucumber/docstring/7.2.3/docstring-7.2.3.jar:/Users/macpro/.m2/repository/io/cucumber/html-formatter/17.0.0/html-formatter-17.0.0.jar:/Users/macpro/.m2/repository/io/cucumber/ci-environment/8.1.0/ci-environment-8.1.0.jar:/Users/macpro/.m2/repository/org/apiguardian/apiguardian-api/1.1.2/apiguardian-api-1.1.2.jar:/Users/macpro/.m2/repository/io/cucumber/cucumber-junit/7.2.3/cucumber-junit-7.2.3.jar:/Users/macpro/.m2/repository/junit/junit/4.13.2/junit-4.13.2.jar:/Users/macpro/.m2/repository/org/hamcrest/hamcrest-core/1.3/hamcrest-core-1.3.jar:"/>
    <property name="sun.cpu.endian" value="little"/>
    <property name="user.home" value="/Users/macpro"/>
    <property name="user.language" value="tr"/>
    <property name="java.specification.vendor" value="Oracle Corporation"/>
    <property name="java.version.date" value="2021-10-19"/>
    <property name="java.home" value="/Users/macpro/Library/Java/JavaVirtualMachines/openjdk-17.0.1/Contents/Home"/>
    <property name="file.separator" value="/"/>
    <property name="basedir" value="/Users/macpro/MyCucumberProject"/>
    <property name="java.vm.compressedOopsMode" value="Zero based"/>
    <property name="line.separator" value="&#10;"/>
    <property name="java.specification.name" value="Java Platform API Specification"/>
    <property name="java.vm.specification.vendor" value="Oracle Corporation"/>
    <property name="surefire.real.class.path" value="/Users/macpro/MyCucumberProject/target/surefire/surefirebooter1821716004507979563.jar"/>
    <property name="sun.management.compiler" value="HotSpot 64-Bit Tiered Compilers"/>
    <property name="ftp.nonProxyHosts" value="local|*.local|169.254/16|*.169.254/16"/>
    <property name="java.runtime.version" value="17.0.1+12-39"/>
    <property name="user.name" value="macpro"/>
    <property name="path.separator" value=":"/>
    <property name="os.version" value="10.13.6"/>
    <property name="java.runtime.name" value="OpenJDK Runtime Environment"/>
    <property name="file.encoding" value="UTF-8"/>
    <property name="java.vm.name" value="OpenJDK 64-Bit Server VM"/>
    <property name="localRepository" value="/Users/macpro/.m2/repository"/>
    <property name="java.vendor.url.bug" value="https://bugreport.java.com/bugreport/"/>
    <property name="java.io.tmpdir" value="/var/folders/2l/t70g3l9d4kl56wdh58nfnwzm0000gn/T/"/>
    <property name="idea.version" value="2021.3.1"/>
    <property name="java.version" value="17.0.1"/>
    <property name="user.dir" value="/Users/macpro/MyCucumberProject"/>
    <property name="os.arch" value="x86_64"/>
    <property name="java.vm.specification.name" value="Java Virtual Machine Specification"/>
    <property name="native.encoding" value="UTF-8"/>
    <property name="java.library.path" value="/Users/macpro/Library/Java/Extensions:/Library/Java/Extensions:/Network/Library/Java/Extensions:/System/Library/Java/Extensions:/usr/lib/java:."/>
    <property name="java.vm.info" value="mixed mode, sharing"/>
    <property name="java.vendor" value="Oracle Corporation"/>
    <property name="java.vm.version" value="17.0.1+12-39"/>
    <property name="sun.io.unicode.encoding" value="UnicodeBig"/>
    <property name="socksNonProxyHosts" value="local|*.local|169.254/16|*.169.254/16"/>
    <property name="java.class.version" value="61.0"/>
  </properties>
  <testcase name="TC_O1_iphone_search" classname="Search_Functionality" time="0.876">
    <error message="Failed to instantiate class stepdefinitions.GoogleStepDefs" type="io.cucumber.core.exception.CucumberException">io.cucumber.core.exception.CucumberException: Failed to instantiate class stepdefinitions.GoogleStepDefs
Caused by: java.lang.reflect.InvocationTargetException
Caused by: java.lang.NullPointerException: Cannot invoke "java.util.Properties.getProperty(String)" because "utilities.ConfigurationReader.properties" is null
</error>
    <system-out><![CDATA[&amp#27;[32m&amp#27;[1m┌───────────────────────────────────────────────────────────────────────────────────┐&amp#27;[0m
&amp#27;[32m&amp#27;[1m│&amp#27;[0m Share your Cucumber Report with your team at &amp#27;[36m&amp#27;[1m&amp#27;[4mhttps://reports.cucumber.io&amp#27;[0m          &amp#27;[32m&amp#27;[1m│&amp#27;[0m
&amp#27;[32m&amp#27;[1m│&amp#27;[0m Activate publishing with one of the following:                                    &amp#27;[32m&amp#27;[1m│&amp#27;[0m
&amp#27;[32m&amp#27;[1m│&amp#27;[0m                                                                                   &amp#27;[32m&amp#27;[1m│&amp#27;[0m
&amp#27;[32m&amp#27;[1m│&amp#27;[0m src/test/resources/cucumber.properties:          &amp#27;[36mcucumber.publish.enabled&amp#27;[0m=&amp#27;[36mtrue&amp#27;[0m    &amp#27;[32m&amp#27;[1m│&amp#27;[0m
&amp#27;[32m&amp#27;[1m│&amp#27;[0m src/test/resources/junit-platform.properties:    &amp#27;[36mcucumber.publish.enabled&amp#27;[0m=&amp#27;[36mtrue&amp#27;[0m    &amp#27;[32m&amp#27;[1m│&amp#27;[0m
&amp#27;[32m&amp#27;[1m│&amp#27;[0m Environment variable:                            &amp#27;[36mCUCUMBER_PUBLİSH_ENABLED&amp#27;[0m=&amp#27;[36mtrue&amp#27;[0m    &amp#27;[32m&amp#27;[1m│&amp#27;[0m
&amp#27;[32m&amp#27;[1m│&amp#27;[0m JUnit:                                           &amp#27;[36m@CucumberOptions&amp#27;[0m(publish = &amp#27;[36mtrue&amp#27;[0m) &amp#27;[32m&amp#27;[1m│&amp#27;[0m
&amp#27;[32m&amp#27;[1m│&amp#27;[0m                                                                                   &amp#27;[32m&amp#27;[1m│&amp#27;[0m
&amp#27;[32m&amp#27;[1m│&amp#27;[0m More information at &amp#27;[36mhttps://cucumber.io/docs/cucumber/environment-variables/&amp#27;[0m      &amp#27;[32m&amp#27;[1m│&amp#27;[0m
&amp#27;[32m&amp#27;[1m│&amp#27;[0m                                                                                   &amp#27;[32m&amp#27;[1m│&amp#27;[0m
&amp#27;[32m&amp#27;[1m│&amp#27;[0m Disable this message with one of the following:                                   &amp#27;[32m&amp#27;[1m│&amp#27;[0m
&amp#27;[32m&amp#27;[1m│&amp#27;[0m                                                                                   &amp#27;[32m&amp#27;[1m│&amp#27;[0m
&amp#27;[32m&amp#27;[1m│&amp#27;[0m src/test/resources/cucumber.properties:          &amp#27;[36mcucumber.publish.quiet&amp#27;[0m=&amp#27;[36mtrue&amp#27;[0m      &amp#27;[32m&amp#27;[1m│&amp#27;[0m
&amp#27;[32m&amp#27;[1m│&amp#27;[0m src/test/resources/junit-platform.properties:    &amp#27;[36mcucumber.publish.quiet&amp#27;[0m=&amp#27;[36mtrue&amp#27;[0m      &amp#27;[32m&amp#27;[1m│&amp#27;[0m
&amp#27;[32m&amp#27;[1m└───────────────────────────────────────────────────────────────────────────────────┘&amp#27;[0m
]]></system-out>
    <system-err><![CDATA[java.io.FileNotFoundException: configuration.properties (No such file or directory)
	at java.base/java.io.FileInputStream.open0(Native Method)
	at java.base/java.io.FileInputStream.open(FileInputStream.java:216)
	at java.base/java.io.FileInputStream.<init>(FileInputStream.java:157)
	at java.base/java.io.FileInputStream.<init>(FileInputStream.java:111)
	at utilities.ConfigurationReader.<clinit>(ConfigurationReader.java:13)
	at utilities.Driver.getDriver(Driver.java:32)
	at pages.GooglePage.<init>(GooglePage.java:10)
	at stepdefinitions.GoogleStepDefs.<init>(GoogleStepDefs.java:10)
	at java.base/jdk.internal.reflect.NativeConstructorAccessorImpl.newInstance0(Native Method)
	at java.base/jdk.internal.reflect.NativeConstructorAccessorImpl.newInstance(NativeConstructorAccessorImpl.java:77)
	at java.base/jdk.internal.reflect.DelegatingConstructorAccessorImpl.newInstance(DelegatingConstructorAccessorImpl.java:45)
	at java.base/java.lang.reflect.Constructor.newInstanceWithCaller(Constructor.java:499)
	at java.base/java.lang.reflect.Constructor.newInstance(Constructor.java:480)
	at io.cucumber.core.backend.DefaultObjectFactory.cacheNewInstance(DefaultObjectFactory.java:53)
	at io.cucumber.core.backend.DefaultObjectFactory.getInstance(DefaultObjectFactory.java:45)
	at io.cucumber.java.AbstractGlueDefinition.invokeMethod(AbstractGlueDefinition.java:47)
	at io.cucumber.java.JavaStepDefinition.execute(JavaStepDefinition.java:29)
	at io.cucumber.core.runner.CoreStepDefinition.execute(CoreStepDefinition.java:66)
	at io.cucumber.core.runner.PickleStepDefinitionMatch.runStep(PickleStepDefinitionMatch.java:63)
	at io.cucumber.core.runner.ExecutionMode$1.execute(ExecutionMode.java:10)
	at io.cucumber.core.runner.TestStep.executeStep(TestStep.java:86)
	at io.cucumber.core.runner.TestStep.run(TestStep.java:57)
	at io.cucumber.core.runner.PickleStepTestStep.run(PickleStepTestStep.java:51)
	at io.cucumber.core.runner.TestCase.run(TestCase.java:95)
	at io.cucumber.core.runner.Runner.runPickle(Runner.java:75)
	at io.cucumber.junit.PickleRunners$NoStepDescriptions.lambda$run$0(PickleRunners.java:151)
	at io.cucumber.core.runtime.CucumberExecutionContext.lambda$runTestCase$3(CucumberExecutionContext.java:151)
	at io.cucumber.core.runtime.RethrowingThrowableCollector.executeAndThrow(RethrowingThrowableCollector.java:23)
	at io.cucumber.core.runtime.CucumberExecutionContext.runTestCase(CucumberExecutionContext.java:151)
	at io.cucumber.junit.PickleRunners$NoStepDescriptions.run(PickleRunners.java:148)
	at io.cucumber.junit.FeatureRunner.runChild(FeatureRunner.java:144)
	at io.cucumber.junit.FeatureRunner.runChild(FeatureRunner.java:28)
	at org.junit.runners.ParentRunner$4.run(ParentRunner.java:331)
	at org.junit.runners.ParentRunner$1.schedule(ParentRunner.java:79)
	at org.junit.runners.ParentRunner.runChildren(ParentRunner.java:329)
	at org.junit.runners.ParentRunner.access$100(ParentRunner.java:66)
	at org.junit.runners.ParentRunner$2.evaluate(ParentRunner.java:293)
	at org.junit.runners.ParentRunner$3.evaluate(ParentRunner.java:306)
	at org.junit.runners.ParentRunner.run(ParentRunner.java:413)
	at io.cucumber.junit.FeatureRunner.run(FeatureRunner.java:137)
	at io.cucumber.junit.Cucumber.runChild(Cucumber.java:196)
	at io.cucumber.junit.Cucumber.runChild(Cucumber.java:89)
	at org.junit.runners.ParentRunner$4.run(ParentRunner.java:331)
	at org.apache.maven.surefire.junitcore.pc.Scheduler$1.run(Scheduler.java:405)
	at org.apache.maven.surefire.junitcore.pc.InvokerStrategy.schedule(InvokerStrategy.java:54)
	at org.apache.maven.surefire.junitcore.pc.Scheduler.schedule(Scheduler.java:362)
	at org.junit.runners.ParentRunner.runChildren(ParentRunner.java:329)
	at org.junit.runners.ParentRunner.access$100(ParentRunner.java:66)
	at org.junit.runners.ParentRunner$2.evaluate(ParentRunner.java:293)
	at io.cucumber.junit.Cucumber$RunBeforeAllHooks.evaluate(Cucumber.java:266)
	at io.cucumber.junit.Cucumber$RunAfterAllHooks.evaluate(Cucumber.java:281)
	at io.cucumber.junit.Cucumber$StartTestRun.evaluate(Cucumber.java:233)
	at io.cucumber.junit.Cucumber$FinishTestRun.evaluate(Cucumber.java:248)
	at org.junit.runners.ParentRunner$3.evaluate(ParentRunner.java:306)
	at org.junit.runners.ParentRunner.run(ParentRunner.java:413)
	at org.junit.runners.Suite.runChild(Suite.java:128)
	at org.junit.runners.Suite.runChild(Suite.java:27)
	at org.junit.runners.ParentRunner$4.run(ParentRunner.java:331)
	at org.apache.maven.surefire.junitcore.pc.Scheduler$1.run(Scheduler.java:405)
	at java.base/java.util.concurrent.Executors$RunnableAdapter.call(Executors.java:539)
	at java.base/java.util.concurrent.FutureTask.run(FutureTask.java:264)
	at java.base/java.util.concurrent.ThreadPoolExecutor.runWorker(ThreadPoolExecutor.java:1136)
	at java.base/java.util.concurrent.ThreadPoolExecutor$Worker.run(ThreadPoolExecutor.java:635)
	at java.base/java.lang.Thread.run(Thread.java:833)
]]></system-err>
  </testcase>
  <testcase name="TC_O2_teapot_search" classname="Search_Functionality" time="0.163">
    <error message="Failed to instantiate class stepdefinitions.GoogleStepDefs" type="io.cucumber.core.exception.CucumberException">io.cucumber.core.exception.CucumberException: Failed to instantiate class stepdefinitions.GoogleStepDefs
Caused by: java.lang.reflect.InvocationTargetException
Caused by: java.lang.NullPointerException: Cannot invoke "java.util.Properties.getProperty(String)" because "utilities.ConfigurationReader.properties" is null
</error>
  </testcase>
  <testcase name="TC_O3_tesla_search" classname="Search_Functionality" time="0.041">
    <error message="Failed to instantiate class stepdefinitions.GoogleStepDefs" type="io.cucumber.core.exception.CucumberException">io.cucumber.core.exception.CucumberException: Failed to instantiate class stepdefinitions.GoogleStepDefs
Caused by: java.lang.reflect.InvocationTargetException
Caused by: java.lang.NullPointerException: Cannot invoke "java.util.Properties.getProperty(String)" because "utilities.ConfigurationReader.properties" is null
</error>
  </testcase>
  <testcase name="TC_O4_honda_search" classname="Search_Functionality" time="0.05">
    <error message="Failed to instantiate class stepdefinitions.GoogleStepDefs" type="io.cucumber.core.exception.CucumberException">io.cucumber.core.exception.CucumberException: Failed to instantiate class stepdefinitions.GoogleStepDefs
Caused by: java.lang.reflect.InvocationTargetException
Caused by: java.lang.NullPointerException: Cannot invoke "java.util.Properties.getProperty(String)" because "utilities.ConfigurationReader.properties" is null
</error>
  </testcase>
</testsuite>